[Sun Sep 20 18:40:08.614676 2020] [mpm_winnt:notice] [pid 20716:tid 744] AH00455: Apache/2.4.25 (Win32) PHP/5.6.30 configured -- resuming normal operations
[Sun Sep 20 18:40:08.614676 2020] [mpm_winnt:notice] [pid 20716:tid 744] AH00456: Apache Lounge VC11 Server built: Dec 20 2016 13:02:04
[Sun Sep 20 18:40:08.614676 2020] [core:notice] [pid 20716:tid 744] AH00094: Command line: 'mapache.exe -d C:/App/DokuWiki/DokuWikiStick/server'
[Sun Sep 20 18:40:08.638578 2020] [mpm_winnt:notice] [pid 20716:tid 744] AH00418: Parent: Created child process 25992
[Sun Sep 20 18:40:09.564440 2020] [mpm_winnt:notice] [pid 25992:tid 696] AH00354: Child: Starting 64 worker threads.
[Sun Sep 20 18:40:09.834720 2020] [authz_core:error] [pid 25992:tid 1260] [client 127.0.0.1:51317] AH01630: client denied by server configuration: C:/App/DokuWiki/DokuWikiStick/dokuwiki/data/dont-panic-if-you-see-this-in-your-logs-it-means-your-directory-permissions-are-correct.png, referer: http://localhost:8800/install.php
[Sun Sep 20 18:41:40.350784 2020] [authz_core:error] [pid 25992:tid 1268] [client 127.0.0.1:51375] AH01630: client denied by server configuration: C:/App/DokuWiki/DokuWikiStick/dokuwiki/data/dont-panic-if-you-see-this-in-your-logs-it-means-your-directory-permissions-are-correct.png, referer: http://localhost:8800/install.php
[Mon Sep 21 07:51:31.528391 2020] [mpm_winnt:crit] [pid 25992:tid 696] AH02538: Child: Parent process exited abruptly. Child process is ending
[Mon Sep 21 07:51:31.528391 2020] [mpm_winnt:warn] [pid 25992:tid 2164] (OS 995)Der E/A-Vorgang wurde wegen eines Threadendes oder einer Anwendungsanforderung abgebrochen.  : AH00341: winnt_accept: Asynchronous AcceptEx failed.
[Mon Sep 21 07:51:31.528391 2020] [mpm_winnt:warn] [pid 25992:tid 4] (OS 995)Der E/A-Vorgang wurde wegen eines Threadendes oder einer Anwendungsanforderung abgebrochen.  : AH00341: winnt_accept: Asynchronous AcceptEx failed.
[Fri Sep 25 16:01:22.390171 2020] [core:warn] [pid 980:tid 812] AH00098: pid file C:/App/DokuWiki/DokuWikiStick/server/logs/httpd.pid overwritten -- Unclean shutdown of previous Apache run?
[Fri Sep 25 16:01:23.401486 2020] [mpm_winnt:notice] [pid 980:tid 812] AH00455: Apache/2.4.25 (Win32) PHP/5.6.30 configured -- resuming normal operations
[Fri Sep 25 16:01:23.401486 2020] [mpm_winnt:notice] [pid 980:tid 812] AH00456: Apache Lounge VC11 Server built: Dec 20 2016 13:02:04
[Fri Sep 25 16:01:23.401486 2020] [core:notice] [pid 980:tid 812] AH00094: Command line: 'mapache.exe -d C:/App/DokuWiki/DokuWikiStick/server'
[Fri Sep 25 16:01:23.426326 2020] [mpm_winnt:notice] [pid 980:tid 812] AH00418: Parent: Created child process 12572
Apache server shutdown initiated...
pm_winnt:notice] [pid 12572:tid 736] AH00354: Child: Starting 64 worker threads.
[Mon Sep 28 09:32:07.241785 2020] [mpm_winnt:notice] [pid 980:tid 812] AH00422: Parent: Received shutdown signal -- Shutting down the server.
[Mon Sep 28 09:32:09.248295 2020] [mpm_winnt:notice] [pid 12572:tid 736] AH00364: Child: All worker threads have exited.
[Mon Sep 28 09:32:09.345857 2020] [mpm_winnt:notice] [pid 980:tid 812] AH00430: Parent: Child process 12572 exited successfully.
[Wed Sep 30 18:40:19.378625 2020] [mpm_winnt:notice] [pid 15340:tid 776] AH00455: Apache/2.4.25 (Win32) PHP/5.6.30 configured -- resuming normal operations
[Wed Sep 30 18:40:19.387076 2020] [mpm_winnt:notice] [pid 15340:tid 776] AH00456: Apache Lounge VC11 Server built: Dec 20 2016 13:02:04
[Wed Sep 30 18:40:19.387076 2020] [core:notice] [pid 15340:tid 776] AH00094: Command line: 'mapache.exe -d C:/App/DokuWiki/DokuWikiStick/server'
[Wed Sep 30 18:40:19.419195 2020] [mpm_winnt:notice] [pid 15340:tid 776] AH00418: Parent: Created child process 7236
[Wed Sep 30 18:40:21.272838 2020] [mpm_winnt:notice] [pid 7236:tid 692] AH00354: Child: Starting 64 worker threads.
[Sun Oct 04 17:41:14.328250 2020] [core:warn] [pid 2304:tid 604] AH00098: pid file C:/workspace/SNES/SNES-Emulator/doku/DokuWikiStick/server/logs/httpd.pid overwritten -- Unclean shutdown of previous Apache run?
[Sun Oct 04 17:41:14.650642 2020] [mpm_winnt:notice] [pid 2304:tid 604] AH00455: Apache/2.4.25 (Win32) PHP/5.6.30 configured -- resuming normal operations
[Sun Oct 04 17:41:14.650642 2020] [mpm_winnt:notice] [pid 2304:tid 604] AH00456: Apache Lounge VC11 Server built: Dec 20 2016 13:02:04
[Sun Oct 04 17:41:14.650642 2020] [core:notice] [pid 2304:tid 604] AH00094: Command line: 'mapache.exe -d C:/workspace/SNES/SNES-Emulator/doku/DokuWikiStick/server'
[Sun Oct 04 17:41:14.654641 2020] [mpm_winnt:notice] [pid 2304:tid 604] AH00418: Parent: Created child process 14276
[Sun Oct 04 17:41:15.448318 2020] [mpm_winnt:notice] [pid 14276:tid 676] AH00354: Child: Starting 64 worker threads.
[Fri Oct 09 20:14:10.117779 2020] [core:warn] [pid 1844:tid 636] AH00098: pid file C:/workspace/SNES/SNES-Emulator/doku/DokuWikiStick/server/logs/httpd.pid overwritten -- Unclean shutdown of previous Apache run?
[Fri Oct 09 20:14:10.799313 2020] [mpm_winnt:notice] [pid 1844:tid 636] AH00455: Apache/2.4.25 (Win32) PHP/5.6.30 configured -- resuming normal operations
[Fri Oct 09 20:14:10.799313 2020] [mpm_winnt:notice] [pid 1844:tid 636] AH00456: Apache Lounge VC11 Server built: Dec 20 2016 13:02:04
[Fri Oct 09 20:14:10.799313 2020] [core:notice] [pid 1844:tid 636] AH00094: Command line: 'mapache.exe -d C:/workspace/SNES/SNES-Emulator/doku/DokuWikiStick/server'
[Fri Oct 09 20:14:10.804298 2020] [mpm_winnt:notice] [pid 1844:tid 636] AH00418: Parent: Created child process 5144
[Fri Oct 09 20:14:11.651185 2020] [mpm_winnt:notice] [pid 5144:tid 616] AH00354: Child: Starting 64 worker threads.
[Sat Oct 10 20:06:50.152498 2020] [core:warn] [pid 10280:tid 584] AH00098: pid file C:/workspace/SNES/SNES-Emulator/doku/DokuWikiStick/server/logs/httpd.pid overwritten -- Unclean shutdown of previous Apache run?
[Sat Oct 10 20:06:50.925332 2020] [mpm_winnt:notice] [pid 10280:tid 584] AH00455: Apache/2.4.25 (Win32) PHP/5.6.30 configured -- resuming normal operations
[Sat Oct 10 20:06:50.925332 2020] [mpm_winnt:notice] [pid 10280:tid 584] AH00456: Apache Lounge VC11 Server built: Dec 20 2016 13:02:04
[Sat Oct 10 20:06:50.925332 2020] [core:notice] [pid 10280:tid 584] AH00094: Command line: 'mapache.exe -d C:/workspace/SNES/SNES-Emulator/doku/DokuWikiStick/server'
[Sat Oct 10 20:06:50.931329 2020] [mpm_winnt:notice] [pid 10280:tid 584] AH00418: Parent: Created child process 6828
[Sat Oct 10 20:06:51.794579 2020] [mpm_winnt:notice] [pid 6828:tid 616] AH00354: Child: Starting 64 worker threads.
[Sun Oct 11 19:40:23.002102 2020] [core:warn] [pid 6008:tid 568] AH00098: pid file C:/workspace/SNES/SNES-Emulator/doku/DokuWikiStick/server/logs/httpd.pid overwritten -- Unclean shutdown of previous Apache run?
[Sun Oct 11 19:40:23.590677 2020] [mpm_winnt:notice] [pid 6008:tid 568] AH00455: Apache/2.4.25 (Win32) PHP/5.6.30 configured -- resuming normal operations
[Sun Oct 11 19:40:23.590677 2020] [mpm_winnt:notice] [pid 6008:tid 568] AH00456: Apache Lounge VC11 Server built: Dec 20 2016 13:02:04
[Sun Oct 11 19:40:23.590677 2020] [core:notice] [pid 6008:tid 568] AH00094: Command line: 'mapache.exe -d C:/workspace/SNES/SNES-Emulator/doku/DokuWikiStick/server'
[Sun Oct 11 19:40:23.593675 2020] [mpm_winnt:notice] [pid 6008:tid 568] AH00418: Parent: Created child process 4416
Apache server shutdown initiated...
pm_winnt:notice] [pid 4416:tid 716] AH00354: Child: Starting 64 worker threads.
[Sun Oct 11 22:18:18.576384 2020] [mpm_winnt:notice] [pid 6008:tid 568] AH00422: Parent: Received shutdown signal -- Shutting down the server.
[Sun Oct 11 22:18:20.589753 2020] [mpm_winnt:notice] [pid 4416:tid 716] AH00364: Child: All worker threads have exited.
[Sun Oct 11 22:18:20.648995 2020] [mpm_winnt:notice] [pid 6008:tid 568] AH00430: Parent: Child process 4416 exited successfully.
[Mon Oct 12 20:27:29.665970 2020] [mpm_winnt:notice] [pid 10012:tid 464] AH00455: Apache/2.4.25 (Win32) PHP/5.6.30 configured -- resuming normal operations
[Mon Oct 12 20:27:29.665970 2020] [mpm_winnt:notice] [pid 10012:tid 464] AH00456: Apache Lounge VC11 Server built: Dec 20 2016 13:02:04
[Mon Oct 12 20:27:29.665970 2020] [core:notice] [pid 10012:tid 464] AH00094: Command line: 'mapache.exe -d C:/workspace/SNES/SNES-Emulator/doku/DokuWikiStick/server'
[Mon Oct 12 20:27:29.668968 2020] [mpm_winnt:notice] [pid 10012:tid 464] AH00418: Parent: Created child process 8796
[Mon Oct 12 20:27:30.408675 2020] [mpm_winnt:notice] [pid 8796:tid 640] AH00354: Child: Starting 64 worker threads.
[Fri Oct 16 18:34:42.839955 2020] [core:warn] [pid 340:tid 540] AH00098: pid file C:/workspace/SNES/SNES-Emulator/doku/DokuWikiStick/server/logs/httpd.pid overwritten -- Unclean shutdown of previous Apache run?
[Fri Oct 16 18:34:43.185921 2020] [mpm_winnt:notice] [pid 340:tid 540] AH00455: Apache/2.4.25 (Win32) PHP/5.6.30 configured -- resuming normal operations
[Fri Oct 16 18:34:43.185921 2020] [mpm_winnt:notice] [pid 340:tid 540] AH00456: Apache Lounge VC11 Server built: Dec 20 2016 13:02:04
[Fri Oct 16 18:34:43.185921 2020] [core:notice] [pid 340:tid 540] AH00094: Command line: 'mapache.exe -d C:/workspace/SNES/SNES-Emulator/doku/DokuWikiStick/server'
[Fri Oct 16 18:34:43.188920 2020] [mpm_winnt:notice] [pid 340:tid 540] AH00418: Parent: Created child process 7176
[Fri Oct 16 18:34:43.988835 2020] [mpm_winnt:notice] [pid 7176:tid 580] AH00354: Child: Starting 64 worker threads.
[Mon Oct 26 19:31:47.281568 2020] [core:warn] [pid 6360:tid 564] AH00098: pid file C:/workspace/SNES/SNES-Emulator/doku/DokuWikiStick/server/logs/httpd.pid overwritten -- Unclean shutdown of previous Apache run?
[Mon Oct 26 19:31:47.870786 2020] [mpm_winnt:notice] [pid 6360:tid 564] AH00455: Apache/2.4.25 (Win32) PHP/5.6.30 configured -- resuming normal operations
[Mon Oct 26 19:31:47.870786 2020] [mpm_winnt:notice] [pid 6360:tid 564] AH00456: Apache Lounge VC11 Server built: Dec 20 2016 13:02:04
[Mon Oct 26 19:31:47.870786 2020] [core:notice] [pid 6360:tid 564] AH00094: Command line: 'mapache.exe -d C:/workspace/SNES/SNES-Emulator/doku/DokuWikiStick/server'
[Mon Oct 26 19:31:47.873783 2020] [mpm_winnt:notice] [pid 6360:tid 564] AH00418: Parent: Created child process 8084
[Mon Oct 26 19:31:48.691197 2020] [mpm_winnt:notice] [pid 8084:tid 624] AH00354: Child: Starting 64 worker threads.
[Mon Oct 26 21:44:49.395969 2020] [core:warn] [pid 10864:tid 576] AH00098: pid file C:/workspace/SNES/SNES-Emulator/doku/DokuWikiStick/server/logs/httpd.pid overwritten -- Unclean shutdown of previous Apache run?
[Mon Oct 26 21:44:49.430949 2020] [mpm_winnt:notice] [pid 10864:tid 576] AH00455: Apache/2.4.25 (Win32) PHP/5.6.30 configured -- resuming normal operations
[Mon Oct 26 21:44:49.430949 2020] [mpm_winnt:notice] [pid 10864:tid 576] AH00456: Apache Lounge VC11 Server built: Dec 20 2016 13:02:04
[Mon Oct 26 21:44:49.430949 2020] [core:notice] [pid 10864:tid 576] AH00094: Command line: 'mapache.exe -d C:/workspace/SNES/SNES-Emulator/doku/DokuWikiStick/server'
[Mon Oct 26 21:44:49.433947 2020] [mpm_winnt:notice] [pid 10864:tid 576] AH00418: Parent: Created child process 12172
[Mon Oct 26 21:44:50.370704 2020] [mpm_winnt:notice] [pid 12172:tid 576] AH00354: Child: Starting 64 worker threads.
[Sat Oct 31 11:00:14.671229 2020] [core:warn] [pid 7620:tid 596] AH00098: pid file C:/workspace/SNES/SNES-Emulator/doku/DokuWikiStick/server/logs/httpd.pid overwritten -- Unclean shutdown of previous Apache run?
[Sat Oct 31 11:00:15.942077 2020] [mpm_winnt:notice] [pid 7620:tid 596] AH00455: Apache/2.4.25 (Win32) PHP/5.6.30 configured -- resuming normal operations
[Sat Oct 31 11:00:15.942077 2020] [mpm_winnt:notice] [pid 7620:tid 596] AH00456: Apache Lounge VC11 Server built: Dec 20 2016 13:02:04
[Sat Oct 31 11:00:15.942077 2020] [core:notice] [pid 7620:tid 596] AH00094: Command line: 'mapache.exe -d C:/workspace/SNES/SNES-Emulator/doku/DokuWikiStick/server'
[Sat Oct 31 11:00:15.948086 2020] [mpm_winnt:notice] [pid 7620:tid 596] AH00418: Parent: Created child process 7912
[Sat Oct 31 11:00:17.108763 2020] [mpm_winnt:notice] [pid 7912:tid 608] AH00354: Child: Starting 64 worker threads.
[Sat Oct 31 17:56:39.283420 2020] [core:warn] [pid 12596:tid 88] AH00098: pid file C:/workspace/SNES/SNES-Doku/DokuWikiStick/server/logs/httpd.pid overwritten -- Unclean shutdown of previous Apache run?
[Sat Oct 31 17:56:39.342384 2020] [mpm_winnt:notice] [pid 12596:tid 88] AH00455: Apache/2.4.25 (Win32) PHP/5.6.30 configured -- resuming normal operations
[Sat Oct 31 17:56:39.342384 2020] [mpm_winnt:notice] [pid 12596:tid 88] AH00456: Apache Lounge VC11 Server built: Dec 20 2016 13:02:04
[Sat Oct 31 17:56:39.343382 2020] [core:notice] [pid 12596:tid 88] AH00094: Command line: 'mapache.exe -d C:/workspace/SNES/SNES-Doku/DokuWikiStick/server'
[Sat Oct 31 17:56:39.346380 2020] [mpm_winnt:notice] [pid 12596:tid 88] AH00418: Parent: Created child process 9788
[Sat Oct 31 17:56:40.154342 2020] [mpm_winnt:notice] [pid 9788:tid 608] AH00354: Child: Starting 64 worker threads.
[Sun Nov 01 18:13:16.638143 2020] [core:warn] [pid 8036:tid 648] AH00098: pid file C:/workspace/SNES/SNES-Doku/DokuWikiStick/server/logs/httpd.pid overwritten -- Unclean shutdown of previous Apache run?
[Sun Nov 01 18:13:17.033519 2020] [mpm_winnt:notice] [pid 8036:tid 648] AH00455: Apache/2.4.25 (Win32) PHP/5.6.30 configured -- resuming normal operations
[Sun Nov 01 18:13:17.033519 2020] [mpm_winnt:notice] [pid 8036:tid 648] AH00456: Apache Lounge VC11 Server built: Dec 20 2016 13:02:04
[Sun Nov 01 18:13:17.033519 2020] [core:notice] [pid 8036:tid 648] AH00094: Command line: 'mapache.exe -d C:/workspace/SNES/SNES-Doku/DokuWikiStick/server'
[Sun Nov 01 18:13:17.037506 2020] [mpm_winnt:notice] [pid 8036:tid 648] AH00418: Parent: Created child process 476
[Sun Nov 01 18:13:17.815082 2020] [mpm_winnt:notice] [pid 476:tid 560] AH00354: Child: Starting 64 worker threads.
[Sat Nov 14 10:56:43.665542 2020] [core:warn] [pid 7620:tid 576] AH00098: pid file C:/workspace/SNES/SNES-Doku/DokuWikiStick/server/logs/httpd.pid overwritten -- Unclean shutdown of previous Apache run?
[Sat Nov 14 10:56:44.403004 2020] [mpm_winnt:notice] [pid 7620:tid 576] AH00455: Apache/2.4.25 (Win32) PHP/5.6.30 configured -- resuming normal operations
[Sat Nov 14 10:56:44.403004 2020] [mpm_winnt:notice] [pid 7620:tid 576] AH00456: Apache Lounge VC11 Server built: Dec 20 2016 13:02:04
[Sat Nov 14 10:56:44.403004 2020] [core:notice] [pid 7620:tid 576] AH00094: Command line: 'mapache.exe -d C:/workspace/SNES/SNES-Doku/DokuWikiStick/server'
[Sat Nov 14 10:56:44.407002 2020] [mpm_winnt:notice] [pid 7620:tid 576] AH00418: Parent: Created child process 9692
[Sat Nov 14 10:56:45.220644 2020] [mpm_winnt:notice] [pid 9692:tid 696] AH00354: Child: Starting 64 worker threads.
